State 29 conflicts: 1 shift/reduce
State 34 conflicts: 1 shift/reduce


Grammar

    0 $accept: Program $end

    1 Program: ExtDefList

    2 ExtDefList: ExtDef ExtDefList
    3           | %empty

    4 ExtDef: Specifier ExtDecList SEMI
    5       | Specifier SEMI
    6       | Specifier FunDec CompSt
    7       | error SEMI
    8       | Specifier error ExtDef

    9 ExtDecList: VarDec
   10           | VarDec COMMA ExtDecList

   11 Specifier: TYPE
   12          | StructSpecifier

   13 StructSpecifier: STRUCT OptTag LC DefList RC
   14                | STRUCT Tag

   15 OptTag: ID
   16       | %empty

   17 Tag: ID

   18 VarDec: ID
   19       | VarDec LB INT RB
   20       | VarDec LB error RB

   21 FunDec: ID LP VarList RP
   22       | ID LP RP
   23       | error RP

   24 VarList: ParamDec COMMA VarList
   25        | ParamDec

   26 ParamDec: Specifier VarDec

   27 CompSt: LC DefList StmtList RC
   28       | error RC

   29 StmtList: Stmt StmtList
   30         | %empty

   31 Stmt: Exp SEMI
   32     | CompSt
   33     | RETURN Exp SEMI
   34     | IF LP Exp RP Stmt
   35     | IF LP Exp RP Stmt ELSE Stmt
   36     | WHILE LP Exp RP Stmt
   37     | error SEMI

   38 DefList: Def DefList
   39        | %empty

   40 Def: Specifier DecList SEMI
   41    | error SEMI

   42 DecList: Dec
   43        | Dec COMMA DecList

   44 Dec: VarDec
   45    | VarDec ASSIGNOP Exp

   46 Exp: Exp ASSIGNOP Exp
   47    | Exp AND Exp
   48    | Exp OR Exp
   49    | Exp RELOP Exp
   50    | Exp PLUS Exp
   51    | Exp MINUS Exp
   52    | Exp STAR Exp
   53    | Exp DIV Exp
   54    | LP Exp RP
   55    | MINUS Exp
   56    | NOT Exp
   57    | ID LP Args RP
   58    | ID LP RP
   59    | Exp LB Exp RB
   60    | Exp DOT ID
   61    | ID
   62    | INT
   63    | FLOAT
   64    | Exp LB error RB
   65    | LP error RP
   66    | ID LP error RP

   67 Args: Exp COMMA Args
   68     | Exp


Terminals, with rules where they appear

$end (0) 0
error (256) 7 8 20 23 28 37 41 64 65 66
INT (258) 19 62
FLOAT (259) 63
ID (260) 15 17 18 21 22 57 58 60 61 66
SEMI (261) 4 5 7 31 33 37 40 41
COMMA (262) 10 24 43 67
TYPE (263) 11
STRUCT (264) 13 14
RETURN (265) 33
IF (266) 34 35
ELSE (267) 35
WHILE (268) 36
ASSIGNOP (269) 45 46
OR (270) 48
AND (271) 47
RELOP (272) 49
MINUS (273) 51 55
PLUS (274) 50
DIV (275) 53
STAR (276) 52
NOT (277) 56
UMINUS (278)
DOT (279) 60
LB (280) 19 20 59 64
RB (281) 19 20 59 64
LP (282) 21 22 34 35 36 54 57 58 65 66
RP (283) 21 22 23 34 35 36 54 57 58 65 66
LC (284) 13 27
RC (285) 13 27 28
LOWER_THAN_ELSE (286)


Nonterminals, with rules where they appear

$accept (32)
    on left: 0
Program (33)
    on left: 1, on right: 0
ExtDefList (34)
    on left: 2 3, on right: 1 2
ExtDef (35)
    on left: 4 5 6 7 8, on right: 2 8
ExtDecList (36)
    on left: 9 10, on right: 4 10
Specifier (37)
    on left: 11 12, on right: 4 5 6 8 26 40
StructSpecifier (38)
    on left: 13 14, on right: 12
OptTag (39)
    on left: 15 16, on right: 13
Tag (40)
    on left: 17, on right: 14
VarDec (41)
    on left: 18 19 20, on right: 9 10 19 20 26 44 45
FunDec (42)
    on left: 21 22 23, on right: 6
VarList (43)
    on left: 24 25, on right: 21 24
ParamDec (44)
    on left: 26, on right: 24 25
CompSt (45)
    on left: 27 28, on right: 6 32
StmtList (46)
    on left: 29 30, on right: 27 29
Stmt (47)
    on left: 31 32 33 34 35 36 37, on right: 29 34 35 36
DefList (48)
    on left: 38 39, on right: 13 27 38
Def (49)
    on left: 40 41, on right: 38
DecList (50)
    on left: 42 43, on right: 40 43
Dec (51)
    on left: 44 45, on right: 42 43
Exp (52)
    on left: 46 47 48 49 50 51 52 53 54 55 56 57 58 59 60 61 62 63
    64 65 66, on right: 31 33 34 35 36 45 46 47 48 49 50 51 52 53 54
    55 56 59 60 64 67 68
Args (53)
    on left: 67 68, on right: 57 67


State 0

    0 $accept: . Program $end

    error   shift, and go to state 1
    TYPE    shift, and go to state 2
    STRUCT  shift, and go to state 3

    $end  reduce using rule 3 (ExtDefList)

    Program          go to state 4
    ExtDefList       go to state 5
    ExtDef           go to state 6
    Specifier        go to state 7
    StructSpecifier  go to state 8


State 1

    7 ExtDef: error . SEMI

    SEMI  shift, and go to state 9


State 2

   11 Specifier: TYPE .

    $default  reduce using rule 11 (Specifier)


State 3

   13 StructSpecifier: STRUCT . OptTag LC DefList RC
   14                | STRUCT . Tag

    ID  shift, and go to state 10

    $default  reduce using rule 16 (OptTag)

    OptTag  go to state 11
    Tag     go to state 12


State 4

    0 $accept: Program . $end

    $end  shift, and go to state 13


State 5

    1 Program: ExtDefList .

    $default  reduce using rule 1 (Program)


State 6

    2 ExtDefList: ExtDef . ExtDefList

    error   shift, and go to state 1
    TYPE    shift, and go to state 2
    STRUCT  shift, and go to state 3

    $end  reduce using rule 3 (ExtDefList)

    ExtDefList       go to state 14
    ExtDef           go to state 6
    Specifier        go to state 7
    StructSpecifier  go to state 8


State 7

    4 ExtDef: Specifier . ExtDecList SEMI
    5       | Specifier . SEMI
    6       | Specifier . FunDec CompSt
    8       | Specifier . error ExtDef

    error  shift, and go to state 15
    ID     shift, and go to state 16
    SEMI   shift, and go to state 17

    ExtDecList  go to state 18
    VarDec      go to state 19
    FunDec      go to state 20


State 8

   12 Specifier: StructSpecifier .

    $default  reduce using rule 12 (Specifier)


State 9

    7 ExtDef: error SEMI .

    $default  reduce using rule 7 (ExtDef)


State 10

   15 OptTag: ID .
   17 Tag: ID .

    LC        reduce using rule 15 (OptTag)
    $default  reduce using rule 17 (Tag)


State 11

   13 StructSpecifier: STRUCT OptTag . LC DefList RC

    LC  shift, and go to state 21


State 12

   14 StructSpecifier: STRUCT Tag .

    $default  reduce using rule 14 (StructSpecifier)


State 13

    0 $accept: Program $end .

    $default  accept


State 14

    2 ExtDefList: ExtDef ExtDefList .

    $default  reduce using rule 2 (ExtDefList)


State 15

    8 ExtDef: Specifier error . ExtDef
   23 FunDec: error . RP

    error   shift, and go to state 1
    TYPE    shift, and go to state 2
    STRUCT  shift, and go to state 3
    RP      shift, and go to state 22

    ExtDef           go to state 23
    Specifier        go to state 7
    StructSpecifier  go to state 8


State 16

   18 VarDec: ID .
   21 FunDec: ID . LP VarList RP
   22       | ID . LP RP

    LP  shift, and go to state 24

    $default  reduce using rule 18 (VarDec)


State 17

    5 ExtDef: Specifier SEMI .

    $default  reduce using rule 5 (ExtDef)


State 18

    4 ExtDef: Specifier ExtDecList . SEMI

    SEMI  shift, and go to state 25


State 19

    9 ExtDecList: VarDec .
   10           | VarDec . COMMA ExtDecList
   19 VarDec: VarDec . LB INT RB
   20       | VarDec . LB error RB

    COMMA  shift, and go to state 26
    LB     shift, and go to state 27

    $default  reduce using rule 9 (ExtDecList)


State 20

    6 ExtDef: Specifier FunDec . CompSt

    error  shift, and go to state 28
    LC     shift, and go to state 29

    CompSt  go to state 30


State 21

   13 StructSpecifier: STRUCT OptTag LC . DefList RC

    error   shift, and go to state 31
    TYPE    shift, and go to state 2
    STRUCT  shift, and go to state 3

    RC  reduce using rule 39 (DefList)

    Specifier        go to state 32
    StructSpecifier  go to state 8
    DefList          go to state 33
    Def              go to state 34


State 22

   23 FunDec: error RP .

    $default  reduce using rule 23 (FunDec)


State 23

    8 ExtDef: Specifier error ExtDef .

    $default  reduce using rule 8 (ExtDef)


State 24

   21 FunDec: ID LP . VarList RP
   22       | ID LP . RP

    TYPE    shift, and go to state 2
    STRUCT  shift, and go to state 3
    RP      shift, and go to state 35

    Specifier        go to state 36
    StructSpecifier  go to state 8
    VarList          go to state 37
    ParamDec         go to state 38


State 25

    4 ExtDef: Specifier ExtDecList SEMI .

    $default  reduce using rule 4 (ExtDef)


State 26

   10 ExtDecList: VarDec COMMA . ExtDecList

    ID  shift, and go to state 39

    ExtDecList  go to state 40
    VarDec      go to state 19


State 27

   19 VarDec: VarDec LB . INT RB
   20       | VarDec LB . error RB

    error  shift, and go to state 41
    INT    shift, and go to state 42


State 28

   28 CompSt: error . RC

    RC  shift, and go to state 43


State 29

   27 CompSt: LC . DefList StmtList RC

    error   shift, and go to state 31
    TYPE    shift, and go to state 2
    STRUCT  shift, and go to state 3

    error   [reduce using rule 39 (DefList)]
    INT     reduce using rule 39 (DefList)
    FLOAT   reduce using rule 39 (DefList)
    ID      reduce using rule 39 (DefList)
    RETURN  reduce using rule 39 (DefList)
    IF      reduce using rule 39 (DefList)
    WHILE   reduce using rule 39 (DefList)
    MINUS   reduce using rule 39 (DefList)
    NOT     reduce using rule 39 (DefList)
    LP      reduce using rule 39 (DefList)
    LC      reduce using rule 39 (DefList)
    RC      reduce using rule 39 (DefList)

    Specifier        go to state 32
    StructSpecifier  go to state 8
    DefList          go to state 44
    Def              go to state 34


State 30

    6 ExtDef: Specifier FunDec CompSt .

    $default  reduce using rule 6 (ExtDef)


State 31

   41 Def: error . SEMI

    SEMI  shift, and go to state 45


State 32

   40 Def: Specifier . DecList SEMI

    ID  shift, and go to state 39

    VarDec   go to state 46
    DecList  go to state 47
    Dec      go to state 48


State 33

   13 StructSpecifier: STRUCT OptTag LC DefList . RC

    RC  shift, and go to state 49


State 34

   38 DefList: Def . DefList

    error   shift, and go to state 31
    TYPE    shift, and go to state 2
    STRUCT  shift, and go to state 3

    error   [reduce using rule 39 (DefList)]
    INT     reduce using rule 39 (DefList)
    FLOAT   reduce using rule 39 (DefList)
    ID      reduce using rule 39 (DefList)
    RETURN  reduce using rule 39 (DefList)
    IF      reduce using rule 39 (DefList)
    WHILE   reduce using rule 39 (DefList)
    MINUS   reduce using rule 39 (DefList)
    NOT     reduce using rule 39 (DefList)
    LP      reduce using rule 39 (DefList)
    LC      reduce using rule 39 (DefList)
    RC      reduce using rule 39 (DefList)

    Specifier        go to state 32
    StructSpecifier  go to state 8
    DefList          go to state 50
    Def              go to state 34


State 35

   22 FunDec: ID LP RP .

    $default  reduce using rule 22 (FunDec)


State 36

   26 ParamDec: Specifier . VarDec

    ID  shift, and go to state 39

    VarDec  go to state 51


State 37

   21 FunDec: ID LP VarList . RP

    RP  shift, and go to state 52


State 38

   24 VarList: ParamDec . COMMA VarList
   25        | ParamDec .

    COMMA  shift, and go to state 53

    $default  reduce using rule 25 (VarList)


State 39

   18 VarDec: ID .

    $default  reduce using rule 18 (VarDec)


State 40

   10 ExtDecList: VarDec COMMA ExtDecList .

    $default  reduce using rule 10 (ExtDecList)


State 41

   20 VarDec: VarDec LB error . RB

    RB  shift, and go to state 54


State 42

   19 VarDec: VarDec LB INT . RB

    RB  shift, and go to state 55


State 43

   28 CompSt: error RC .

    $default  reduce using rule 28 (CompSt)


State 44

   27 CompSt: LC DefList . StmtList RC

    error   shift, and go to state 56
    INT     shift, and go to state 57
    FLOAT   shift, and go to state 58
    ID      shift, and go to state 59
    RETURN  shift, and go to state 60
    IF      shift, and go to state 61
    WHILE   shift, and go to state 62
    MINUS   shift, and go to state 63
    NOT     shift, and go to state 64
    LP      shift, and go to state 65
    LC      shift, and go to state 29

    RC  reduce using rule 30 (StmtList)

    CompSt    go to state 66
    StmtList  go to state 67
    Stmt      go to state 68
    Exp       go to state 69


State 45

   41 Def: error SEMI .

    $default  reduce using rule 41 (Def)


State 46

   19 VarDec: VarDec . LB INT RB
   20       | VarDec . LB error RB
   44 Dec: VarDec .
   45    | VarDec . ASSIGNOP Exp

    ASSIGNOP  shift, and go to state 70
    LB        shift, and go to state 27

    $default  reduce using rule 44 (Dec)


State 47

   40 Def: Specifier DecList . SEMI

    SEMI  shift, and go to state 71


State 48

   42 DecList: Dec .
   43        | Dec . COMMA DecList

    COMMA  shift, and go to state 72

    $default  reduce using rule 42 (DecList)


State 49

   13 StructSpecifier: STRUCT OptTag LC DefList RC .

    $default  reduce using rule 13 (StructSpecifier)


State 50

   38 DefList: Def DefList .

    $default  reduce using rule 38 (DefList)


State 51

   19 VarDec: VarDec . LB INT RB
   20       | VarDec . LB error RB
   26 ParamDec: Specifier VarDec .

    LB  shift, and go to state 27

    $default  reduce using rule 26 (ParamDec)


State 52

   21 FunDec: ID LP VarList RP .

    $default  reduce using rule 21 (FunDec)


State 53

   24 VarList: ParamDec COMMA . VarList

    TYPE    shift, and go to state 2
    STRUCT  shift, and go to state 3

    Specifier        go to state 36
    StructSpecifier  go to state 8
    VarList          go to state 73
    ParamDec         go to state 38


State 54

   20 VarDec: VarDec LB error RB .

    $default  reduce using rule 20 (VarDec)


State 55

   19 VarDec: VarDec LB INT RB .

    $default  reduce using rule 19 (VarDec)


State 56

   28 CompSt: error . RC
   37 Stmt: error . SEMI

    SEMI  shift, and go to state 74
    RC    shift, and go to state 43


State 57

   62 Exp: INT .

    $default  reduce using rule 62 (Exp)


State 58

   63 Exp: FLOAT .

    $default  reduce using rule 63 (Exp)


State 59

   57 Exp: ID . LP Args RP
   58    | ID . LP RP
   61    | ID .
   66    | ID . LP error RP

    LP  shift, and go to state 75

    $default  reduce using rule 61 (Exp)


State 60

   33 Stmt: RETURN . Exp SEMI

    INT    shift, and go to state 57
    FLOAT  shift, and go to state 58
    ID     shift, and go to state 59
    MINUS  shift, and go to state 63
    NOT    shift, and go to state 64
    LP     shift, and go to state 65

    Exp  go to state 76


State 61

   34 Stmt: IF . LP Exp RP Stmt
   35     | IF . LP Exp RP Stmt ELSE Stmt

    LP  shift, and go to state 77


State 62

   36 Stmt: WHILE . LP Exp RP Stmt

    LP  shift, and go to state 78


State 63

   55 Exp: MINUS . Exp

    INT    shift, and go to state 57
    FLOAT  shift, and go to state 58
    ID     shift, and go to state 59
    MINUS  shift, and go to state 63
    NOT    shift, and go to state 64
    LP     shift, and go to state 65

    Exp  go to state 79


State 64

   56 Exp: NOT . Exp

    INT    shift, and go to state 57
    FLOAT  shift, and go to state 58
    ID     shift, and go to state 59
    MINUS  shift, and go to state 63
    NOT    shift, and go to state 64
    LP     shift, and go to state 65

    Exp  go to state 80


State 65

   54 Exp: LP . Exp RP
   65    | LP . error RP

    error  shift, and go to state 81
    INT    shift, and go to state 57
    FLOAT  shift, and go to state 58
    ID     shift, and go to state 59
    MINUS  shift, and go to state 63
    NOT    shift, and go to state 64
    LP     shift, and go to state 65

    Exp  go to state 82


State 66

   32 Stmt: CompSt .

    $default  reduce using rule 32 (Stmt)


State 67

   27 CompSt: LC DefList StmtList . RC

    RC  shift, and go to state 83


State 68

   29 StmtList: Stmt . StmtList

    error   shift, and go to state 56
    INT     shift, and go to state 57
    FLOAT   shift, and go to state 58
    ID      shift, and go to state 59
    RETURN  shift, and go to state 60
    IF      shift, and go to state 61
    WHILE   shift, and go to state 62
    MINUS   shift, and go to state 63
    NOT     shift, and go to state 64
    LP      shift, and go to state 65
    LC      shift, and go to state 29

    RC  reduce using rule 30 (StmtList)

    CompSt    go to state 66
    StmtList  go to state 84
    Stmt      go to state 68
    Exp       go to state 69


State 69

   31 Stmt: Exp . SEMI
   46 Exp: Exp . ASSIGNOP Exp
   47    | Exp . AND Exp
   48    | Exp . OR Exp
   49    | Exp . RELOP Exp
   50    | Exp . PLUS Exp
   51    | Exp . MINUS Exp
   52    | Exp . STAR Exp
   53    | Exp . DIV Exp
   59    | Exp . LB Exp RB
   60    | Exp . DOT ID
   64    | Exp . LB error RB

    SEMI      shift, and go to state 85
    ASSIGNOP  shift, and go to state 86
    OR        shift, and go to state 87
    AND       shift, and go to state 88
    RELOP     shift, and go to state 89
    MINUS     shift, and go to state 90
    PLUS      shift, and go to state 91
    DIV       shift, and go to state 92
    STAR      shift, and go to state 93
    DOT       shift, and go to state 94
    LB        shift, and go to state 95


State 70

   45 Dec: VarDec ASSIGNOP . Exp

    INT    shift, and go to state 57
    FLOAT  shift, and go to state 58
    ID     shift, and go to state 59
    MINUS  shift, and go to state 63
    NOT    shift, and go to state 64
    LP     shift, and go to state 65

    Exp  go to state 96


State 71

   40 Def: Specifier DecList SEMI .

    $default  reduce using rule 40 (Def)


State 72

   43 DecList: Dec COMMA . DecList

    ID  shift, and go to state 39

    VarDec   go to state 46
    DecList  go to state 97
    Dec      go to state 48


State 73

   24 VarList: ParamDec COMMA VarList .

    $default  reduce using rule 24 (VarList)


State 74

   37 Stmt: error SEMI .

    $default  reduce using rule 37 (Stmt)


State 75

   57 Exp: ID LP . Args RP
   58    | ID LP . RP
   66    | ID LP . error RP

    error  shift, and go to state 98
    INT    shift, and go to state 57
    FLOAT  shift, and go to state 58
    ID     shift, and go to state 59
    MINUS  shift, and go to state 63
    NOT    shift, and go to state 64
    LP     shift, and go to state 65
    RP     shift, and go to state 99

    Exp   go to state 100
    Args  go to state 101


State 76

   33 Stmt: RETURN Exp . SEMI
   46 Exp: Exp . ASSIGNOP Exp
   47    | Exp . AND Exp
   48    | Exp . OR Exp
   49    | Exp . RELOP Exp
   50    | Exp . PLUS Exp
   51    | Exp . MINUS Exp
   52    | Exp . STAR Exp
   53    | Exp . DIV Exp
   59    | Exp . LB Exp RB
   60    | Exp . DOT ID
   64    | Exp . LB error RB

    SEMI      shift, and go to state 102
    ASSIGNOP  shift, and go to state 86
    OR        shift, and go to state 87
    AND       shift, and go to state 88
    RELOP     shift, and go to state 89
    MINUS     shift, and go to state 90
    PLUS      shift, and go to state 91
    DIV       shift, and go to state 92
    STAR      shift, and go to state 93
    DOT       shift, and go to state 94
    LB        shift, and go to state 95


State 77

   34 Stmt: IF LP . Exp RP Stmt
   35     | IF LP . Exp RP Stmt ELSE Stmt

    INT    shift, and go to state 57
    FLOAT  shift, and go to state 58
    ID     shift, and go to state 59
    MINUS  shift, and go to state 63
    NOT    shift, and go to state 64
    LP     shift, and go to state 65

    Exp  go to state 103


State 78

   36 Stmt: WHILE LP . Exp RP Stmt

    INT    shift, and go to state 57
    FLOAT  shift, and go to state 58
    ID     shift, and go to state 59
    MINUS  shift, and go to state 63
    NOT    shift, and go to state 64
    LP     shift, and go to state 65

    Exp  go to state 104


State 79

   46 Exp: Exp . ASSIGNOP Exp
   47    | Exp . AND Exp
   48    | Exp . OR Exp
   49    | Exp . RELOP Exp
   50    | Exp . PLUS Exp
   51    | Exp . MINUS Exp
   52    | Exp . STAR Exp
   53    | Exp . DIV Exp
   55    | MINUS Exp .
   59    | Exp . LB Exp RB
   60    | Exp . DOT ID
   64    | Exp . LB error RB

    DOT  shift, and go to state 94
    LB   shift, and go to state 95

    $default  reduce using rule 55 (Exp)


State 80

   46 Exp: Exp . ASSIGNOP Exp
   47    | Exp . AND Exp
   48    | Exp . OR Exp
   49    | Exp . RELOP Exp
   50    | Exp . PLUS Exp
   51    | Exp . MINUS Exp
   52    | Exp . STAR Exp
   53    | Exp . DIV Exp
   56    | NOT Exp .
   59    | Exp . LB Exp RB
   60    | Exp . DOT ID
   64    | Exp . LB error RB

    DOT  shift, and go to state 94
    LB   shift, and go to state 95

    $default  reduce using rule 56 (Exp)


State 81

   65 Exp: LP error . RP

    RP  shift, and go to state 105


State 82

   46 Exp: Exp . ASSIGNOP Exp
   47    | Exp . AND Exp
   48    | Exp . OR Exp
   49    | Exp . RELOP Exp
   50    | Exp . PLUS Exp
   51    | Exp . MINUS Exp
   52    | Exp . STAR Exp
   53    | Exp . DIV Exp
   54    | LP Exp . RP
   59    | Exp . LB Exp RB
   60    | Exp . DOT ID
   64    | Exp . LB error RB

    ASSIGNOP  shift, and go to state 86
    OR        shift, and go to state 87
    AND       shift, and go to state 88
    RELOP     shift, and go to state 89
    MINUS     shift, and go to state 90
    PLUS      shift, and go to state 91
    DIV       shift, and go to state 92
    STAR      shift, and go to state 93
    DOT       shift, and go to state 94
    LB        shift, and go to state 95
    RP        shift, and go to state 106


State 83

   27 CompSt: LC DefList StmtList RC .

    $default  reduce using rule 27 (CompSt)


State 84

   29 StmtList: Stmt StmtList .

    $default  reduce using rule 29 (StmtList)


State 85

   31 Stmt: Exp SEMI .

    $default  reduce using rule 31 (Stmt)


State 86

   46 Exp: Exp ASSIGNOP . Exp

    INT    shift, and go to state 57
    FLOAT  shift, and go to state 58
    ID     shift, and go to state 59
    MINUS  shift, and go to state 63
    NOT    shift, and go to state 64
    LP     shift, and go to state 65

    Exp  go to state 107


State 87

   48 Exp: Exp OR . Exp

    INT    shift, and go to state 57
    FLOAT  shift, and go to state 58
    ID     shift, and go to state 59
    MINUS  shift, and go to state 63
    NOT    shift, and go to state 64
    LP     shift, and go to state 65

    Exp  go to state 108


State 88

   47 Exp: Exp AND . Exp

    INT    shift, and go to state 57
    FLOAT  shift, and go to state 58
    ID     shift, and go to state 59
    MINUS  shift, and go to state 63
    NOT    shift, and go to state 64
    LP     shift, and go to state 65

    Exp  go to state 109


State 89

   49 Exp: Exp RELOP . Exp

    INT    shift, and go to state 57
    FLOAT  shift, and go to state 58
    ID     shift, and go to state 59
    MINUS  shift, and go to state 63
    NOT    shift, and go to state 64
    LP     shift, and go to state 65

    Exp  go to state 110


State 90

   51 Exp: Exp MINUS . Exp

    INT    shift, and go to state 57
    FLOAT  shift, and go to state 58
    ID     shift, and go to state 59
    MINUS  shift, and go to state 63
    NOT    shift, and go to state 64
    LP     shift, and go to state 65

    Exp  go to state 111


State 91

   50 Exp: Exp PLUS . Exp

    INT    shift, and go to state 57
    FLOAT  shift, and go to state 58
    ID     shift, and go to state 59
    MINUS  shift, and go to state 63
    NOT    shift, and go to state 64
    LP     shift, and go to state 65

    Exp  go to state 112


State 92

   53 Exp: Exp DIV . Exp

    INT    shift, and go to state 57
    FLOAT  shift, and go to state 58
    ID     shift, and go to state 59
    MINUS  shift, and go to state 63
    NOT    shift, and go to state 64
    LP     shift, and go to state 65

    Exp  go to state 113


State 93

   52 Exp: Exp STAR . Exp

    INT    shift, and go to state 57
    FLOAT  shift, and go to state 58
    ID     shift, and go to state 59
    MINUS  shift, and go to state 63
    NOT    shift, and go to state 64
    LP     shift, and go to state 65

    Exp  go to state 114


State 94

   60 Exp: Exp DOT . ID

    ID  shift, and go to state 115


State 95

   59 Exp: Exp LB . Exp RB
   64    | Exp LB . error RB

    error  shift, and go to state 116
    INT    shift, and go to state 57
    FLOAT  shift, and go to state 58
    ID     shift, and go to state 59
    MINUS  shift, and go to state 63
    NOT    shift, and go to state 64
    LP     shift, and go to state 65

    Exp  go to state 117


State 96

   45 Dec: VarDec ASSIGNOP Exp .
   46 Exp: Exp . ASSIGNOP Exp
   47    | Exp . AND Exp
   48    | Exp . OR Exp
   49    | Exp . RELOP Exp
   50    | Exp . PLUS Exp
   51    | Exp . MINUS Exp
   52    | Exp . STAR Exp
   53    | Exp . DIV Exp
   59    | Exp . LB Exp RB
   60    | Exp . DOT ID
   64    | Exp . LB error RB

    ASSIGNOP  shift, and go to state 86
    OR        shift, and go to state 87
    AND       shift, and go to state 88
    RELOP     shift, and go to state 89
    MINUS     shift, and go to state 90
    PLUS      shift, and go to state 91
    DIV       shift, and go to state 92
    STAR      shift, and go to state 93
    DOT       shift, and go to state 94
    LB        shift, and go to state 95

    $default  reduce using rule 45 (Dec)


State 97

   43 DecList: Dec COMMA DecList .

    $default  reduce using rule 43 (DecList)


State 98

   66 Exp: ID LP error . RP

    RP  shift, and go to state 118


State 99

   58 Exp: ID LP RP .

    $default  reduce using rule 58 (Exp)


State 100

   46 Exp: Exp . ASSIGNOP Exp
   47    | Exp . AND Exp
   48    | Exp . OR Exp
   49    | Exp . RELOP Exp
   50    | Exp . PLUS Exp
   51    | Exp . MINUS Exp
   52    | Exp . STAR Exp
   53    | Exp . DIV Exp
   59    | Exp . LB Exp RB
   60    | Exp . DOT ID
   64    | Exp . LB error RB
   67 Args: Exp . COMMA Args
   68     | Exp .

    COMMA     shift, and go to state 119
    ASSIGNOP  shift, and go to state 86
    OR        shift, and go to state 87
    AND       shift, and go to state 88
    RELOP     shift, and go to state 89
    MINUS     shift, and go to state 90
    PLUS      shift, and go to state 91
    DIV       shift, and go to state 92
    STAR      shift, and go to state 93
    DOT       shift, and go to state 94
    LB        shift, and go to state 95

    $default  reduce using rule 68 (Args)


State 101

   57 Exp: ID LP Args . RP

    RP  shift, and go to state 120


State 102

   33 Stmt: RETURN Exp SEMI .

    $default  reduce using rule 33 (Stmt)


State 103

   34 Stmt: IF LP Exp . RP Stmt
   35     | IF LP Exp . RP Stmt ELSE Stmt
   46 Exp: Exp . ASSIGNOP Exp
   47    | Exp . AND Exp
   48    | Exp . OR Exp
   49    | Exp . RELOP Exp
   50    | Exp . PLUS Exp
   51    | Exp . MINUS Exp
   52    | Exp . STAR Exp
   53    | Exp . DIV Exp
   59    | Exp . LB Exp RB
   60    | Exp . DOT ID
   64    | Exp . LB error RB

    ASSIGNOP  shift, and go to state 86
    OR        shift, and go to state 87
    AND       shift, and go to state 88
    RELOP     shift, and go to state 89
    MINUS     shift, and go to state 90
    PLUS      shift, and go to state 91
    DIV       shift, and go to state 92
    STAR      shift, and go to state 93
    DOT       shift, and go to state 94
    LB        shift, and go to state 95
    RP        shift, and go to state 121


State 104

   36 Stmt: WHILE LP Exp . RP Stmt
   46 Exp: Exp . ASSIGNOP Exp
   47    | Exp . AND Exp
   48    | Exp . OR Exp
   49    | Exp . RELOP Exp
   50    | Exp . PLUS Exp
   51    | Exp . MINUS Exp
   52    | Exp . STAR Exp
   53    | Exp . DIV Exp
   59    | Exp . LB Exp RB
   60    | Exp . DOT ID
   64    | Exp . LB error RB

    ASSIGNOP  shift, and go to state 86
    OR        shift, and go to state 87
    AND       shift, and go to state 88
    RELOP     shift, and go to state 89
    MINUS     shift, and go to state 90
    PLUS      shift, and go to state 91
    DIV       shift, and go to state 92
    STAR      shift, and go to state 93
    DOT       shift, and go to state 94
    LB        shift, and go to state 95
    RP        shift, and go to state 122


State 105

   65 Exp: LP error RP .

    $default  reduce using rule 65 (Exp)


State 106

   54 Exp: LP Exp RP .

    $default  reduce using rule 54 (Exp)


State 107

   46 Exp: Exp . ASSIGNOP Exp
   46    | Exp ASSIGNOP Exp .
   47    | Exp . AND Exp
   48    | Exp . OR Exp
   49    | Exp . RELOP Exp
   50    | Exp . PLUS Exp
   51    | Exp . MINUS Exp
   52    | Exp . STAR Exp
   53    | Exp . DIV Exp
   59    | Exp . LB Exp RB
   60    | Exp . DOT ID
   64    | Exp . LB error RB

    ASSIGNOP  shift, and go to state 86
    OR        shift, and go to state 87
    AND       shift, and go to state 88
    RELOP     shift, and go to state 89
    MINUS     shift, and go to state 90
    PLUS      shift, and go to state 91
    DIV       shift, and go to state 92
    STAR      shift, and go to state 93
    DOT       shift, and go to state 94
    LB        shift, and go to state 95

    $default  reduce using rule 46 (Exp)


State 108

   46 Exp: Exp . ASSIGNOP Exp
   47    | Exp . AND Exp
   48    | Exp . OR Exp
   48    | Exp OR Exp .
   49    | Exp . RELOP Exp
   50    | Exp . PLUS Exp
   51    | Exp . MINUS Exp
   52    | Exp . STAR Exp
   53    | Exp . DIV Exp
   59    | Exp . LB Exp RB
   60    | Exp . DOT ID
   64    | Exp . LB error RB

    AND    shift, and go to state 88
    RELOP  shift, and go to state 89
    MINUS  shift, and go to state 90
    PLUS   shift, and go to state 91
    DIV    shift, and go to state 92
    STAR   shift, and go to state 93
    DOT    shift, and go to state 94
    LB     shift, and go to state 95

    $default  reduce using rule 48 (Exp)


State 109

   46 Exp: Exp . ASSIGNOP Exp
   47    | Exp . AND Exp
   47    | Exp AND Exp .
   48    | Exp . OR Exp
   49    | Exp . RELOP Exp
   50    | Exp . PLUS Exp
   51    | Exp . MINUS Exp
   52    | Exp . STAR Exp
   53    | Exp . DIV Exp
   59    | Exp . LB Exp RB
   60    | Exp . DOT ID
   64    | Exp . LB error RB

    RELOP  shift, and go to state 89
    MINUS  shift, and go to state 90
    PLUS   shift, and go to state 91
    DIV    shift, and go to state 92
    STAR   shift, and go to state 93
    DOT    shift, and go to state 94
    LB     shift, and go to state 95

    $default  reduce using rule 47 (Exp)


State 110

   46 Exp: Exp . ASSIGNOP Exp
   47    | Exp . AND Exp
   48    | Exp . OR Exp
   49    | Exp . RELOP Exp
   49    | Exp RELOP Exp .
   50    | Exp . PLUS Exp
   51    | Exp . MINUS Exp
   52    | Exp . STAR Exp
   53    | Exp . DIV Exp
   59    | Exp . LB Exp RB
   60    | Exp . DOT ID
   64    | Exp . LB error RB

    MINUS  shift, and go to state 90
    PLUS   shift, and go to state 91
    DIV    shift, and go to state 92
    STAR   shift, and go to state 93
    DOT    shift, and go to state 94
    LB     shift, and go to state 95

    $default  reduce using rule 49 (Exp)


State 111

   46 Exp: Exp . ASSIGNOP Exp
   47    | Exp . AND Exp
   48    | Exp . OR Exp
   49    | Exp . RELOP Exp
   50    | Exp . PLUS Exp
   51    | Exp . MINUS Exp
   51    | Exp MINUS Exp .
   52    | Exp . STAR Exp
   53    | Exp . DIV Exp
   59    | Exp . LB Exp RB
   60    | Exp . DOT ID
   64    | Exp . LB error RB

    DIV   shift, and go to state 92
    STAR  shift, and go to state 93
    DOT   shift, and go to state 94
    LB    shift, and go to state 95

    $default  reduce using rule 51 (Exp)


State 112

   46 Exp: Exp . ASSIGNOP Exp
   47    | Exp . AND Exp
   48    | Exp . OR Exp
   49    | Exp . RELOP Exp
   50    | Exp . PLUS Exp
   50    | Exp PLUS Exp .
   51    | Exp . MINUS Exp
   52    | Exp . STAR Exp
   53    | Exp . DIV Exp
   59    | Exp . LB Exp RB
   60    | Exp . DOT ID
   64    | Exp . LB error RB

    DIV   shift, and go to state 92
    STAR  shift, and go to state 93
    DOT   shift, and go to state 94
    LB    shift, and go to state 95

    $default  reduce using rule 50 (Exp)


State 113

   46 Exp: Exp . ASSIGNOP Exp
   47    | Exp . AND Exp
   48    | Exp . OR Exp
   49    | Exp . RELOP Exp
   50    | Exp . PLUS Exp
   51    | Exp . MINUS Exp
   52    | Exp . STAR Exp
   53    | Exp . DIV Exp
   53    | Exp DIV Exp .
   59    | Exp . LB Exp RB
   60    | Exp . DOT ID
   64    | Exp . LB error RB

    DOT  shift, and go to state 94
    LB   shift, and go to state 95

    $default  reduce using rule 53 (Exp)


State 114

   46 Exp: Exp . ASSIGNOP Exp
   47    | Exp . AND Exp
   48    | Exp . OR Exp
   49    | Exp . RELOP Exp
   50    | Exp . PLUS Exp
   51    | Exp . MINUS Exp
   52    | Exp . STAR Exp
   52    | Exp STAR Exp .
   53    | Exp . DIV Exp
   59    | Exp . LB Exp RB
   60    | Exp . DOT ID
   64    | Exp . LB error RB

    DOT  shift, and go to state 94
    LB   shift, and go to state 95

    $default  reduce using rule 52 (Exp)


State 115

   60 Exp: Exp DOT ID .

    $default  reduce using rule 60 (Exp)


State 116

   64 Exp: Exp LB error . RB

    RB  shift, and go to state 123


State 117

   46 Exp: Exp . ASSIGNOP Exp
   47    | Exp . AND Exp
   48    | Exp . OR Exp
   49    | Exp . RELOP Exp
   50    | Exp . PLUS Exp
   51    | Exp . MINUS Exp
   52    | Exp . STAR Exp
   53    | Exp . DIV Exp
   59    | Exp . LB Exp RB
   59    | Exp LB Exp . RB
   60    | Exp . DOT ID
   64    | Exp . LB error RB

    ASSIGNOP  shift, and go to state 86
    OR        shift, and go to state 87
    AND       shift, and go to state 88
    RELOP     shift, and go to state 89
    MINUS     shift, and go to state 90
    PLUS      shift, and go to state 91
    DIV       shift, and go to state 92
    STAR      shift, and go to state 93
    DOT       shift, and go to state 94
    LB        shift, and go to state 95
    RB        shift, and go to state 124


State 118

   66 Exp: ID LP error RP .

    $default  reduce using rule 66 (Exp)


State 119

   67 Args: Exp COMMA . Args

    INT    shift, and go to state 57
    FLOAT  shift, and go to state 58
    ID     shift, and go to state 59
    MINUS  shift, and go to state 63
    NOT    shift, and go to state 64
    LP     shift, and go to state 65

    Exp   go to state 100
    Args  go to state 125


State 120

   57 Exp: ID LP Args RP .

    $default  reduce using rule 57 (Exp)


State 121

   34 Stmt: IF LP Exp RP . Stmt
   35     | IF LP Exp RP . Stmt ELSE Stmt

    error   shift, and go to state 56
    INT     shift, and go to state 57
    FLOAT   shift, and go to state 58
    ID      shift, and go to state 59
    RETURN  shift, and go to state 60
    IF      shift, and go to state 61
    WHILE   shift, and go to state 62
    MINUS   shift, and go to state 63
    NOT     shift, and go to state 64
    LP      shift, and go to state 65
    LC      shift, and go to state 29

    CompSt  go to state 66
    Stmt    go to state 126
    Exp     go to state 69


State 122

   36 Stmt: WHILE LP Exp RP . Stmt

    error   shift, and go to state 56
    INT     shift, and go to state 57
    FLOAT   shift, and go to state 58
    ID      shift, and go to state 59
    RETURN  shift, and go to state 60
    IF      shift, and go to state 61
    WHILE   shift, and go to state 62
    MINUS   shift, and go to state 63
    NOT     shift, and go to state 64
    LP      shift, and go to state 65
    LC      shift, and go to state 29

    CompSt  go to state 66
    Stmt    go to state 127
    Exp     go to state 69


State 123

   64 Exp: Exp LB error RB .

    $default  reduce using rule 64 (Exp)


State 124

   59 Exp: Exp LB Exp RB .

    $default  reduce using rule 59 (Exp)


State 125

   67 Args: Exp COMMA Args .

    $default  reduce using rule 67 (Args)


State 126

   34 Stmt: IF LP Exp RP Stmt .
   35     | IF LP Exp RP Stmt . ELSE Stmt

    ELSE  shift, and go to state 128

    $default  reduce using rule 34 (Stmt)


State 127

   36 Stmt: WHILE LP Exp RP Stmt .

    $default  reduce using rule 36 (Stmt)


State 128

   35 Stmt: IF LP Exp RP Stmt ELSE . Stmt

    error   shift, and go to state 56
    INT     shift, and go to state 57
    FLOAT   shift, and go to state 58
    ID      shift, and go to state 59
    RETURN  shift, and go to state 60
    IF      shift, and go to state 61
    WHILE   shift, and go to state 62
    MINUS   shift, and go to state 63
    NOT     shift, and go to state 64
    LP      shift, and go to state 65
    LC      shift, and go to state 29

    CompSt  go to state 66
    Stmt    go to state 129
    Exp     go to state 69


State 129

   35 Stmt: IF LP Exp RP Stmt ELSE Stmt .

    $default  reduce using rule 35 (Stmt)
